<?xml version="1.0" encoding="UTF-8"?>
<!-- Generated by org.testng.reporters.JUnitReportReporter -->
<testsuite hostname="ebn020" failures="0" tests="2" name="com.ui.test.LoginPage3" time="10.642" errors="0" timestamp="2020-04-08T15:06:31 IST" skipped="0">
  <testcase classname="com.ui.test.LoginPage3" name="LogIn" time="0.610"/>
  <system-out/>
  <testcase classname="com.ui.test.LoginPage3" name="verifyHomepageUrl" time="10.032"/>
  <system-out/>
</testsuite> <!-- com.ui.test.LoginPage3 -->
