<?xml version="1.0" encoding="UTF-8"?>
<!-- Generated by org.testng.reporters.JUnitReportReporter -->
<testsuite hostname="ebn020" failures="0" tests="4" name="com.ui.test.UserModule" time="23.705" errors="0" timestamp="2020-05-21T17:04:50 IST" skipped="0">
  <testcase classname="com.ui.test.UserModule" name="verifyLoginpageUrl" time="10.029"/>
  <system-out/>
  <testcase classname="com.ui.test.UserModule" name="LogIn" time="10.555"/>
  <system-out/>
  <testcase classname="com.ui.test.UserModule" name="verifyLogin" time="2.589"/>
  <system-out/>
  <testcase classname="com.ui.test.UserModule" name="CreateClient" time="0.532"/>
  <system-out/>
</testsuite> <!-- com.ui.test.UserModule -->
