<?xml version="1.0" encoding="UTF-8"?>
<!-- Generated by org.testng.reporters.JUnitReportReporter -->
<testsuite hostname="ebn020" failures="0" tests="4" name="com.ui.test.Client" time="43.706" errors="0" timestamp="2020-05-20T17:32:42 IST" skipped="0">
  <testcase classname="com.ui.test.Client" name="verifyLoginpageUrl" time="10.024"/>
  <system-out/>
  <testcase classname="com.ui.test.Client" name="LogIn" time="10.661"/>
  <system-out/>
  <testcase classname="com.ui.test.Client" name="verifyLogin" time="2.509"/>
  <system-out/>
  <testcase classname="com.ui.test.Client" name="CreateClient" time="20.512"/>
  <system-out/>
</testsuite> <!-- com.ui.test.Client -->
