<?xml version="1.0" encoding="UTF-8"?>
<!-- Generated by org.testng.reporters.JUnitReportReporter -->
<testsuite hostname="ebn020" failures="0" tests="3" name="com.ui.test.LoginPage2" time="23.478" errors="0" timestamp="2020-06-18T21:09:46 IST" skipped="0">
  <testcase classname="com.ui.test.LoginPage2" name="verifyLoginpageUrl" time="10.026"/>
  <system-out/>
  <testcase classname="com.ui.test.LoginPage2" name="LogIn" time="10.959"/>
  <system-out/>
  <testcase classname="com.ui.test.LoginPage2" name="verifyLogin" time="2.493"/>
  <system-out/>
</testsuite> <!-- com.ui.test.LoginPage2 -->
